[iamosahan.com/wrapbootstrap-pillarix/nonprofitx/index.html]
[iamosahan.com/wrapbootstrap-pillarix/nonprofitx/img/pages/icon.png]
[backblue.gif]
[fade.gif]
[index.html]
[iamosahan.com/wrapbootstrap-pillarix/nonprofitx/vender/bootstrap/css/bootstrap.min.css]
[iamosahan.com/wrapbootstrap-pillarix/nonprofitx/vender/icofont/icofont.min.css]
[iamosahan.com/wrapbootstrap-pillarix/nonprofitx/vender/aos/dist/aos.css]
[iamosahan.com/wrapbootstrap-pillarix/nonprofitx/vender/remixicon/remixicon.css]
[iamosahan.com/wrapbootstrap-pillarix/nonprofitx/css/style.css]
[iamosahan.com/wrapbootstrap-pillarix/nonprofitx/css/common.css]
[iamosahan.com/wrapbootstrap-pillarix/nonprofitx/index-2.html]
[iamosahan.com/wrapbootstrap-pillarix/nonprofitx/about.html]
[iamosahan.com/wrapbootstrap-pillarix/nonprofitx/projects.html]
[iamosahan.com/wrapbootstrap-pillarix/nonprofitx/volunteer.html]
[iamosahan.com/wrapbootstrap-pillarix/nonprofitx/elements/elements-accordions-toggles.html]
[iamosahan.com/wrapbootstrap-pillarix/nonprofitx/elements/elements-tabs.html]
[iamosahan.com/wrapbootstrap-pillarix/nonprofitx/elements/elements-pagination.html]
[iamosahan.com/wrapbootstrap-pillarix/nonprofitx/elements/elements-cards.html]
[iamosahan.com/wrapbootstrap-pillarix/nonprofitx/elements/elements-icons.html]
[iamosahan.com/wrapbootstrap-pillarix/nonprofitx/elements/elements-carousels.html]
[iamosahan.com/wrapbootstrap-pillarix/nonprofitx/elements/elements-modals.html]
[iamosahan.com/wrapbootstrap-pillarix/nonprofitx/elements/elements-placeholders.html]
[iamosahan.com/wrapbootstrap-pillarix/nonprofitx/elements/elements-medias.html]
[iamosahan.com/wrapbootstrap-pillarix/nonprofitx/elements/elements-maps.html]
[iamosahan.com/wrapbootstrap-pillarix/nonprofitx/elements/elements-forms-basic.html]
[iamosahan.com/wrapbootstrap-pillarix/nonprofitx/elements/elements-buttons.html]
[iamosahan.com/wrapbootstrap-pillarix/nonprofitx/elements/elements-badges.html]
[iamosahan.com/wrapbootstrap-pillarix/nonprofitx/elements/elements-lists.html]
[iamosahan.com/wrapbootstrap-pillarix/nonprofitx/elements/elements-offcanvas.html]
[iamosahan.com/wrapbootstrap-pillarix/nonprofitx/elements/elements-image-frames.html]
[iamosahan.com/wrapbootstrap-pillarix/nonprofitx/elements/elements-testimonials.html]
[iamosahan.com/wrapbootstrap-pillarix/nonprofitx/elements/elements-blockquotes.html]
[iamosahan.com/wrapbootstrap-pillarix/nonprofitx/elements/elements-borders.html]
[iamosahan.com/wrapbootstrap-pillarix/nonprofitx/elements/elements-process.html]
[iamosahan.com/wrapbootstrap-pillarix/nonprofitx/elements/elements-countdowns.html]
[iamosahan.com/wrapbootstrap-pillarix/nonprofitx/elements/elements-spinners.html]
[iamosahan.com/wrapbootstrap-pillarix/nonprofitx/elements/elements-call-to-action.html]
[iamosahan.com/wrapbootstrap-pillarix/nonprofitx/elements/elements-pricing-tables.html]
[iamosahan.com/wrapbootstrap-pillarix/nonprofitx/elements/elements-tables.html]
[iamosahan.com/wrapbootstrap-pillarix/nonprofitx/elements/elements-progress-bars.html]
[iamosahan.com/wrapbootstrap-pillarix/nonprofitx/elements/elements-colors.html]
[iamosahan.com/wrapbootstrap-pillarix/nonprofitx/elements/elements-dropdowns.html]
[iamosahan.com/wrapbootstrap-pillarix/nonprofitx/elements/elements-tooltips-popovers.html]
[iamosahan.com/wrapbootstrap-pillarix/nonprofitx/elements/elements-sticky-elements.html]
[iamosahan.com/wrapbootstrap-pillarix/nonprofitx/elements/elements-typography.html]
[iamosahan.com/wrapbootstrap-pillarix/nonprofitx/elements/elements-alerts.html]
[iamosahan.com/wrapbootstrap-pillarix/nonprofitx/img/logo.png]
[iamosahan.com/wrapbootstrap-pillarix/nonprofitx/pages/portfolio-full-width.html]
[iamosahan.com/wrapbootstrap-pillarix/nonprofitx/pages/portfolio-boxed.html]
[iamosahan.com/wrapbootstrap-pillarix/nonprofitx/pages/portfolio-classic.html]
[iamosahan.com/wrapbootstrap-pillarix/nonprofitx/pages/portfolio-masonry.html]
[iamosahan.com/wrapbootstrap-pillarix/nonprofitx/pages/single-project.html]
[iamosahan.com/wrapbootstrap-pillarix/nonprofitx/pages/page-coming-soon.html]
[iamosahan.com/wrapbootstrap-pillarix/nonprofitx/pages/page-coming-soon-simple.html]
[iamosahan.com/wrapbootstrap-pillarix/nonprofitx/pages/page-error-404.html]
[iamosahan.com/wrapbootstrap-pillarix/nonprofitx/pages/page-terms.html]
[iamosahan.com/wrapbootstrap-pillarix/nonprofitx/pages/page-privacy.html]
[iamosahan.com/wrapbootstrap-pillarix/nonprofitx/pages/blog-grid.html]
[iamosahan.com/wrapbootstrap-pillarix/nonprofitx/pages/blog-grid-classic.html]
[iamosahan.com/wrapbootstrap-pillarix/nonprofitx/pages/blog-grid-sidebar.html]
[iamosahan.com/wrapbootstrap-pillarix/nonprofitx/pages/blog-list.html]
[iamosahan.com/wrapbootstrap-pillarix/nonprofitx/pages/blog-list-sidebar.html]
[iamosahan.com/wrapbootstrap-pillarix/nonprofitx/pages/blog-left-sidebar.html]
[iamosahan.com/wrapbootstrap-pillarix/nonprofitx/pages/blog-full-width.html]
[iamosahan.com/wrapbootstrap-pillarix/nonprofitx/pages/blog-post.html]
[iamosahan.com/wrapbootstrap-pillarix/nonprofitx/pages/blog-author-profile.html]
[iamosahan.com/wrapbootstrap-pillarix/nonprofitx/pages/page-help-center.html]
[iamosahan.com/wrapbootstrap-pillarix/nonprofitx/pages/page-help-center-categories.html]
[iamosahan.com/wrapbootstrap-pillarix/nonprofitx/pages/page-help-center-article.html]
[iamosahan.com/wrapbootstrap-pillarix/nonprofitx/pages/shop-product-grid.html]
[iamosahan.com/wrapbootstrap-pillarix/nonprofitx/pages/shop-product-list.html]
[iamosahan.com/wrapbootstrap-pillarix/nonprofitx/pages/shop-product-full-three-coulmn.html]
[iamosahan.com/wrapbootstrap-pillarix/nonprofitx/pages/shop-product-full-four-coulmn.html]
[iamosahan.com/wrapbootstrap-pillarix/nonprofitx/pages/shop-product-detail.html]
[iamosahan.com/wrapbootstrap-pillarix/nonprofitx/pages/shop-cart.html]
[iamosahan.com/wrapbootstrap-pillarix/nonprofitx/pages/shop-checkout.html]
[iamosahan.com/wrapbootstrap-pillarix/nonprofitx/pages/page-hire-us.html]
[iamosahan.com/wrapbootstrap-pillarix/nonprofitx/pages/page-careers.html]
[iamosahan.com/wrapbootstrap-pillarix/nonprofitx/pages/page-careers-role-overview.html]
[iamosahan.com/wrapbootstrap-pillarix/nonprofitx/pages/page-careers-apply.html]
[iamosahan.com/wrapbootstrap-pillarix/nonprofitx/pages/page-login.html]
[iamosahan.com/wrapbootstrap-pillarix/nonprofitx/pages/page-login-2.html]
[iamosahan.com/wrapbootstrap-pillarix/nonprofitx/pages/page-signup.html]
[iamosahan.com/wrapbootstrap-pillarix/nonprofitx/pages/page-signup-2.html]
[iamosahan.com/wrapbootstrap-pillarix/nonprofitx/pages/page-reset-password.html]
[iamosahan.com/wrapbootstrap-pillarix/nonprofitx/pages/account-orders.html]
[iamosahan.com/wrapbootstrap-pillarix/nonprofitx/pages/account-settings.html]
[iamosahan.com/wrapbootstrap-pillarix/nonprofitx/pages/account-address.html]
[iamosahan.com/wrapbootstrap-pillarix/nonprofitx/pages/my-wallet.html]
[iamosahan.com/wrapbootstrap-pillarix/nonprofitx/pages/account-notification.html]
[iamosahan.com/wrapbootstrap-pillarix/nonprofitx/pages/faq.html]
[iamosahan.com/wrapbootstrap-pillarix/nonprofitx/pages/faq-2.html]
[iamosahan.com/wrapbootstrap-pillarix/nonprofitx/contact.html]
[iamosahan.com/wrapbootstrap-pillarix/nonprofitx/img/provide/food.svg]
[iamosahan.com/wrapbootstrap-pillarix/nonprofitx/img/provide/school.svg]
[iamosahan.com/wrapbootstrap-pillarix/nonprofitx/img/provide/medical.svg]
[iamosahan.com/wrapbootstrap-pillarix/nonprofitx/img/provide/water.svg]
[iamosahan.com/wrapbootstrap-pillarix/nonprofitx/img/provide/love.svg]
[iamosahan.com/wrapbootstrap-pillarix/nonprofitx/img/provide/tranvel.svg]
[iamosahan.com/wrapbootstrap-pillarix/nonprofitx/post-1.html]
[iamosahan.com/wrapbootstrap-pillarix/nonprofitx/img/featured/1.jpg]
[iamosahan.com/wrapbootstrap-pillarix/nonprofitx/post-2.html]
[iamosahan.com/wrapbootstrap-pillarix/nonprofitx/img/featured/2.jpg]
[iamosahan.com/wrapbootstrap-pillarix/nonprofitx/post-3.html]
[iamosahan.com/wrapbootstrap-pillarix/nonprofitx/img/featured/3.jpg]
[iamosahan.com/wrapbootstrap-pillarix/nonprofitx/img/change-life.png]
[iamosahan.com/wrapbootstrap-pillarix/nonprofitx/img/team/1.png]
[iamosahan.com/wrapbootstrap-pillarix/nonprofitx/img/team/2.png]
[iamosahan.com/wrapbootstrap-pillarix/nonprofitx/img/team/3.png]
[iamosahan.com/wrapbootstrap-pillarix/nonprofitx/img/team/4.png]
[iamosahan.com/wrapbootstrap-pillarix/nonprofitx/img/profile/profile-1.jpg]
[iamosahan.com/wrapbootstrap-pillarix/nonprofitx/img/profile/profile-2.jpg]
[iamosahan.com/wrapbootstrap-pillarix/nonprofitx/img/profile/profile-4.jpg]
[iamosahan.com/wrapbootstrap-pillarix/nonprofitx/privacy-policy.html]
[iamosahan.com/cdn-cgi/scripts/5c5dd728/cloudflare-static/email-decode.min.js]
[iamosahan.com/wrapbootstrap-pillarix/nonprofitx/vender/bootstrap/js/bootstrap.bundle.min.js]
[iamosahan.com/wrapbootstrap-pillarix/nonprofitx/vender/jquery/jquery-3.6.4.min.js]
[iamosahan.com/wrapbootstrap-pillarix/nonprofitx/vender/aos/dist/aos.js]
[iamosahan.com/wrapbootstrap-pillarix/nonprofitx/index.html]
[iamosahan.com/wrapbootstrap-pillarix/nonprofitx/vender/bootstrap/css/bootstrap.min.css]
[iamosahan.com/wrapbootstrap-pillarix/nonprofitx/js/script.js]
[iamosahan.com/wrapbootstrap-pillarix/nonprofitx/vender/icofont/fonts/icofont.woff2]
[iamosahan.com/wrapbootstrap-pillarix/nonprofitx/vender/icofont/icofont.min.css]
[iamosahan.com/wrapbootstrap-pillarix/nonprofitx/vender/aos/dist/aos.css]
[iamosahan.com/wrapbootstrap-pillarix/nonprofitx/vender/icofont/fonts/icofont.woff]
[iamosahan.com/wrapbootstrap-pillarix/nonprofitx/vender/remixicon/remixicon7001.eot]
[iamosahan.com/wrapbootstrap-pillarix/nonprofitx/vender/remixicon/remixicon7001.woff2]
[iamosahan.com/wrapbootstrap-pillarix/nonprofitx/vender/remixicon/remixicon7001.ttf]
[iamosahan.com/wrapbootstrap-pillarix/nonprofitx/vender/remixicon/remixicon.css]
[iamosahan.com/wrapbootstrap-pillarix/nonprofitx/vender/remixicon/remixicon7001.woff]
[iamosahan.com/wrapbootstrap-pillarix/nonprofitx/img/banner.jpg]
[iamosahan.com/wrapbootstrap-pillarix/nonprofitx/img/school.jpg]
[iamosahan.com/wrapbootstrap-pillarix/nonprofitx/vender/remixicon/remixicon7001.svg]
[iamosahan.com/wrapbootstrap-pillarix/nonprofitx/img/bg-project.jpg]
[iamosahan.com/wrapbootstrap-pillarix/nonprofitx/img/bg-volunteer.jpg]
[iamosahan.com/wrapbootstrap-pillarix/nonprofitx/img/bg-about.jpg]
[iamosahan.com/wrapbootstrap-pillarix/nonprofitx/img/bg-volunteer-page.jpg]
[iamosahan.com/wrapbootstrap-pillarix/nonprofitx/img/bg-contact.jpg]
[iamosahan.com/wrapbootstrap-pillarix/nonprofitx/img/post/post-1.jpg]
[iamosahan.com/wrapbootstrap-pillarix/nonprofitx/img/post/post-2.jpg]
[iamosahan.com/wrapbootstrap-pillarix/nonprofitx/img/post/post-3.jpg]
[iamosahan.com/wrapbootstrap-pillarix/nonprofitx/css/style.css]
[cdn.jsdelivr.net/npm/bootstrap-icons@1.11.2/font/bootstrap-icons.min.css]
[iamosahan.com/wrapbootstrap-pillarix/nonprofitx/img/bg.png]
[iamosahan.com/wrapbootstrap-pillarix/nonprofitx/css/common.css]
[iamosahan.com/wrapbootstrap-pillarix/nonprofitx/index-2.html]
[iamosahan.com/wrapbootstrap-pillarix/nonprofitx/img/work-together/work-1.svg]
[iamosahan.com/wrapbootstrap-pillarix/nonprofitx/img/work-together/work-2.svg]
[iamosahan.com/wrapbootstrap-pillarix/nonprofitx/img/work-together/work-3.svg]
[iamosahan.com/wrapbootstrap-pillarix/nonprofitx/img/work-together/work-4.svg]
[iamosahan.com/wrapbootstrap-pillarix/nonprofitx/img/non-profit.jpg]
[iamosahan.com/wrapbootstrap-pillarix/nonprofitx/img/strong-team.jpg]
[iamosahan.com/wrapbootstrap-pillarix/nonprofitx/about.html]
[iamosahan.com/wrapbootstrap-pillarix/nonprofitx/img/projects/project-1.jpg]
[iamosahan.com/wrapbootstrap-pillarix/nonprofitx/img/projects/project-2.jpg]
[iamosahan.com/wrapbootstrap-pillarix/nonprofitx/img/projects/project-3.jpg]
[iamosahan.com/wrapbootstrap-pillarix/nonprofitx/img/projects/project-4.jpg]
[iamosahan.com/wrapbootstrap-pillarix/nonprofitx/img/projects/project-5.jpg]
[iamosahan.com/wrapbootstrap-pillarix/nonprofitx/img/projects/project-6.jpg]
[iamosahan.com/wrapbootstrap-pillarix/nonprofitx/img/projects/project-7.jpg]
[iamosahan.com/wrapbootstrap-pillarix/nonprofitx/img/projects/project-8.jpg]
[iamosahan.com/wrapbootstrap-pillarix/nonprofitx/img/projects/project-9.jpg]
[iamosahan.com/wrapbootstrap-pillarix/nonprofitx/projects.html]
[iamosahan.com/wrapbootstrap-pillarix/nonprofitx/img/profile/profile-3.jpg]
[iamosahan.com/wrapbootstrap-pillarix/nonprofitx/img/profile/profile-5.jpg]
[iamosahan.com/wrapbootstrap-pillarix/nonprofitx/img/profile/profile-6.jpg]
[iamosahan.com/wrapbootstrap-pillarix/nonprofitx/img/profile/profile-7.jpg]
[iamosahan.com/wrapbootstrap-pillarix/nonprofitx/img/profile/profile-8.jpg]
[iamosahan.com/wrapbootstrap-pillarix/nonprofitx/img/profile/profile-9.jpg]
[iamosahan.com/wrapbootstrap-pillarix/nonprofitx/img/profile/profile-10.jpg]
[iamosahan.com/wrapbootstrap-pillarix/nonprofitx/img/profile/profile-11.jpg]
[iamosahan.com/wrapbootstrap-pillarix/nonprofitx/img/profile/profile-12.jpg]
[iamosahan.com/wrapbootstrap-pillarix/nonprofitx/volunteer.html]
[iamosahan.com/wrapbootstrap-pillarix/nonprofitx/elements/css/style.css]
[iamosahan.com/wrapbootstrap-pillarix/nonprofitx/img/pages/logo.png]
[iamosahan.com/wrapbootstrap-pillarix/nonprofitx/elements/elements.html]
[iamosahan.com/wrapbootstrap-pillarix/nonprofitx/elements/elements-accordions-toggles.html]
[iamosahan.com/wrapbootstrap-pillarix/nonprofitx/elements/elements-tabs.html]
[iamosahan.com/wrapbootstrap-pillarix/nonprofitx/img/pages/hero-wave.svg]
[iamosahan.com/wrapbootstrap-pillarix/nonprofitx/elements/elements-icons.html]
[iamosahan.com/wrapbootstrap-pillarix/nonprofitx/elements/elements-pagination.html]
[iamosahan.com/wrapbootstrap-pillarix/nonprofitx/img/pages/news/1.jpg]
[iamosahan.com/wrapbootstrap-pillarix/nonprofitx/img/pages/news/2.jpg]
[iamosahan.com/wrapbootstrap-pillarix/nonprofitx/img/pages/news/3.jpg]
[iamosahan.com/wrapbootstrap-pillarix/nonprofitx/img/pages/news/4.jpg]
[iamosahan.com/wrapbootstrap-pillarix/nonprofitx/img/pages/news/5.jpg]
[iamosahan.com/wrapbootstrap-pillarix/nonprofitx/img/pages/news/6.jpg]
[iamosahan.com/wrapbootstrap-pillarix/nonprofitx/img/pages/banner.jpg]
[iamosahan.com/wrapbootstrap-pillarix/nonprofitx/img/pages/products/product-1.jpg]
[iamosahan.com/wrapbootstrap-pillarix/nonprofitx/elements/elements-cards.html]
[iamosahan.com/wrapbootstrap-pillarix/nonprofitx/img/pages/news/7.jpg]
[iamosahan.com/wrapbootstrap-pillarix/nonprofitx/img/pages/news/8.jpg]
[iamosahan.com/wrapbootstrap-pillarix/nonprofitx/elements/elements-carousels.html]
[iamosahan.com/wrapbootstrap-pillarix/nonprofitx/elements/elements-modals.html]
[iamosahan.com/wrapbootstrap-pillarix/nonprofitx/elements/elements-placeholders.html]
[iamosahan.com/wrapbootstrap-pillarix/nonprofitx/img/pages/team/member-1.jpg]
[iamosahan.com/wrapbootstrap-pillarix/nonprofitx/img/pages/bg-about.jpg]
[iamosahan.com/wrapbootstrap-pillarix/nonprofitx/elements/elements-medias.html]
[iamosahan.com/wrapbootstrap-pillarix/nonprofitx/elements/elements-maps.html]
[iamosahan.com/wrapbootstrap-pillarix/nonprofitx/elements/elements-forms-basic.html]
[iamosahan.com/wrapbootstrap-pillarix/nonprofitx/elements/elements-buttons.html]
[iamosahan.com/wrapbootstrap-pillarix/nonprofitx/elements/elements-badges.html]
[iamosahan.com/wrapbootstrap-pillarix/nonprofitx/elements/elements-lists.html]
[iamosahan.com/wrapbootstrap-pillarix/nonprofitx/elements/elements-offcanvas.html]
[iamosahan.com/wrapbootstrap-pillarix/nonprofitx/elements/elements-image-frames.html]
[iamosahan.com/wrapbootstrap-pillarix/nonprofitx/elements/elements-testimonials.html]
[iamosahan.com/wrapbootstrap-pillarix/nonprofitx/elements/elements-blockquotes.html]
[iamosahan.com/wrapbootstrap-pillarix/nonprofitx/elements/elements-borders.html]
[iamosahan.com/wrapbootstrap-pillarix/nonprofitx/elements/elements-process.html]
[iamosahan.com/wrapbootstrap-pillarix/nonprofitx/elements/elements-countdowns.html]
[iamosahan.com/wrapbootstrap-pillarix/nonprofitx/elements/elements-spinners.html]
[iamosahan.com/wrapbootstrap-pillarix/nonprofitx/elements/elements-call-to-action.html]
[iamosahan.com/wrapbootstrap-pillarix/nonprofitx/elements/elements-pricing-tables.html]
[iamosahan.com/wrapbootstrap-pillarix/nonprofitx/elements/elements-tables.html]
[iamosahan.com/wrapbootstrap-pillarix/nonprofitx/elements/elements-progress-bars.html]
[iamosahan.com/wrapbootstrap-pillarix/nonprofitx/elements/elements-colors.html]
[iamosahan.com/wrapbootstrap-pillarix/nonprofitx/elements/elements-dropdowns.html]
[iamosahan.com/wrapbootstrap-pillarix/nonprofitx/elements/elements-tooltips-popovers.html]
[iamosahan.com/wrapbootstrap-pillarix/nonprofitx/elements/elements-sticky-elements.html]
[iamosahan.com/wrapbootstrap-pillarix/nonprofitx/elements/elements-typography.html]
[iamosahan.com/wrapbootstrap-pillarix/nonprofitx/elements/elements-alerts.html]
[iamosahan.com/wrapbootstrap-pillarix/nonprofitx/vender/light-gallery-master/dist/css/lightgallery-bundle.min.css]
[iamosahan.com/wrapbootstrap-pillarix/nonprofitx/pages/css/style.css]
[iamosahan.com/wrapbootstrap-pillarix/nonprofitx/img/pages/portfolio/portfolio-h/1.jpg]
[iamosahan.com/wrapbootstrap-pillarix/nonprofitx/img/pages/portfolio/portfolio-h/2.jpg]
[iamosahan.com/wrapbootstrap-pillarix/nonprofitx/img/pages/portfolio/portfolio-h/3.jpg]
[iamosahan.com/wrapbootstrap-pillarix/nonprofitx/img/pages/portfolio/portfolio-h/5.jpg]
[iamosahan.com/wrapbootstrap-pillarix/nonprofitx/img/pages/portfolio/portfolio-h/6.jpg]
[iamosahan.com/wrapbootstrap-pillarix/nonprofitx/img/pages/portfolio/portfolio-h/8.jpg]
[iamosahan.com/wrapbootstrap-pillarix/nonprofitx/pages/contact-us.b7.delayed]
[iamosahan.com/wrapbootstrap-pillarix/nonprofitx/pages/about.html]
[iamosahan.com/wrapbootstrap-pillarix/nonprofitx/pages/contact.html]
[iamosahan.com/wrapbootstrap-pillarix/nonprofitx/vender/light-gallery-master/dist/lightgallery.min.js]
[iamosahan.com/wrapbootstrap-pillarix/nonprofitx/vender/light-gallery-master/dist/plugins/autoplay/lg-autoplay.umd.js]
[iamosahan.com/wrapbootstrap-pillarix/nonprofitx/vender/light-gallery-master/dist/plugins/comment/lg-comment.min.js]
[iamosahan.com/wrapbootstrap-pillarix/nonprofitx/vender/light-gallery-master/dist/plugins/fullscreen/lg-fullscreen.min.js]
[iamosahan.com/wrapbootstrap-pillarix/nonprofitx/vender/light-gallery-master/dist/plugins/hash/lg-hash.min.js]
[iamosahan.com/wrapbootstrap-pillarix/nonprofitx/vender/light-gallery-master/dist/plugins/mediumZoom/lg-medium-zoom.min.js]
[iamosahan.com/wrapbootstrap-pillarix/nonprofitx/vender/light-gallery-master/dist/plugins/pager/lg-pager.min.js]
[iamosahan.com/wrapbootstrap-pillarix/nonprofitx/vender/light-gallery-master/dist/plugins/relativeCaption/lg-relative-caption.min.js]
[iamosahan.com/wrapbootstrap-pillarix/nonprofitx/vender/light-gallery-master/dist/plugins/rotate/lg-rotate.min.js]
[iamosahan.com/wrapbootstrap-pillarix/nonprofitx/vender/light-gallery-master/dist/plugins/share/lg-share.min.js]
[iamosahan.com/wrapbootstrap-pillarix/nonprofitx/vender/light-gallery-master/dist/plugins/thumbnail/lg-thumbnail.min.js]
[iamosahan.com/wrapbootstrap-pillarix/nonprofitx/vender/light-gallery-master/dist/plugins/video/lg-video.min.js]
[iamosahan.com/wrapbootstrap-pillarix/nonprofitx/vender/light-gallery-master/dist/plugins/vimeoThumbnail/lg-vimeo-thumbnail.min.js]
[iamosahan.com/wrapbootstrap-pillarix/nonprofitx/pages/portfolio-full-width.html]
[iamosahan.com/wrapbootstrap-pillarix/nonprofitx/vender/light-gallery-master/dist/plugins/zoom/lg-zoom.min.js]
[iamosahan.com/wrapbootstrap-pillarix/nonprofitx/img/pages/portfolio/portfolio-h/4.jpg]
[iamosahan.com/wrapbootstrap-pillarix/nonprofitx/img/pages/portfolio/portfolio-h/7.jpg]
[iamosahan.com/wrapbootstrap-pillarix/nonprofitx/img/pages/portfolio/portfolio-h/9.jpg]
[iamosahan.com/wrapbootstrap-pillarix/nonprofitx/img/pages/portfolio/portfolio-h/10.jpg]
[iamosahan.com/wrapbootstrap-pillarix/nonprofitx/img/pages/portfolio/portfolio-h/11.jpg]
[iamosahan.com/wrapbootstrap-pillarix/nonprofitx/img/pages/portfolio/portfolio-h/12.jpg]
[iamosahan.com/wrapbootstrap-pillarix/nonprofitx/pages/portfolio-boxed.html]
[iamosahan.com/wrapbootstrap-pillarix/nonprofitx/pages/portfolio-classic.html]
[iamosahan.com/wrapbootstrap-pillarix/nonprofitx/pages/portfolio-masonry.html]
[iamosahan.com/wrapbootstrap-pillarix/nonprofitx/pages/single-project.html]
[iamosahan.com/wrapbootstrap-pillarix/nonprofitx/pages/page-coming-soon.html]
[iamosahan.com/wrapbootstrap-pillarix/nonprofitx/pages/page-coming-soon-simple.html]
[iamosahan.com/wrapbootstrap-pillarix/nonprofitx/pages/page-error-404.html]
[iamosahan.com/wrapbootstrap-pillarix/nonprofitx/pages/page-terms.html]
[iamosahan.com/wrapbootstrap-pillarix/nonprofitx/pages/page-privacy.html]
[iamosahan.com/wrapbootstrap-pillarix/nonprofitx/pages/blog-grid.html]
[iamosahan.com/wrapbootstrap-pillarix/nonprofitx/img/pages/error.svg]
[iamosahan.com/wrapbootstrap-pillarix/nonprofitx/pages/admin.html]
[iamosahan.com/wrapbootstrap-pillarix/nonprofitx/pages/team-work.html]
[iamosahan.com/wrapbootstrap-pillarix/nonprofitx/pages/apps.html]
[iamosahan.com/wrapbootstrap-pillarix/nonprofitx/pages/technology.html]
[iamosahan.com/wrapbootstrap-pillarix/nonprofitx/pages/blog-grid-classic.html]
[iamosahan.com/wrapbootstrap-pillarix/nonprofitx/pages/blog-grid-sidebar.html]
[iamosahan.com/wrapbootstrap-pillarix/nonprofitx/pages/blog-list.html]
[iamosahan.com/wrapbootstrap-pillarix/nonprofitx/pages/people.html]
[iamosahan.com/wrapbootstrap-pillarix/nonprofitx/pages/blog-list-sidebar.html]
[iamosahan.com/wrapbootstrap-pillarix/nonprofitx/pages/blog-left-sidebar.html]
[iamosahan.com/wrapbootstrap-pillarix/nonprofitx/pages/blog-full-width.html]
[iamosahan.com/wrapbootstrap-pillarix/nonprofitx/pages/blog-post.html]
[iamosahan.com/wrapbootstrap-pillarix/nonprofitx/pages/blog-author-profile.html]
[iamosahan.com/wrapbootstrap-pillarix/nonprofitx/pages/page-help-center.html]
[iamosahan.com/wrapbootstrap-pillarix/nonprofitx/pages/page-help-center-categories.html]
[iamosahan.com/wrapbootstrap-pillarix/nonprofitx/pages/page-help-center-article.html]
[iamosahan.com/wrapbootstrap-pillarix/nonprofitx/img/pages/products/product-2.jpg]
[iamosahan.com/wrapbootstrap-pillarix/nonprofitx/img/pages/products/product-3.jpg]
[iamosahan.com/wrapbootstrap-pillarix/nonprofitx/img/pages/products/product-4.jpg]
[iamosahan.com/wrapbootstrap-pillarix/nonprofitx/img/pages/products/product-5.jpg]
[iamosahan.com/wrapbootstrap-pillarix/nonprofitx/img/pages/products/product-6.jpg]
[iamosahan.com/wrapbootstrap-pillarix/nonprofitx/img/pages/products/product-7.jpg]
[iamosahan.com/wrapbootstrap-pillarix/nonprofitx/img/pages/products/product-8.jpg]
[iamosahan.com/wrapbootstrap-pillarix/nonprofitx/pages/shop-product-grid.html]
[iamosahan.com/wrapbootstrap-pillarix/nonprofitx/pages/shop-product-list.html]
[iamosahan.com/wrapbootstrap-pillarix/nonprofitx/pages/shop-product-full-three-coulmn.html]
[iamosahan.com/wrapbootstrap-pillarix/nonprofitx/pages/shop-product-full-four-coulmn.html]
[iamosahan.com/wrapbootstrap-pillarix/nonprofitx/vender/slick/slick/slick.css]
[iamosahan.com/wrapbootstrap-pillarix/nonprofitx/vender/slick/slick/slick-theme.css]
[iamosahan.com/wrapbootstrap-pillarix/nonprofitx/vender/slick/slick/slick.min.js]
[iamosahan.com/wrapbootstrap-pillarix/nonprofitx/pages/shop-product-detail.html]
[iamosahan.com/wrapbootstrap-pillarix/nonprofitx/pages/shop-cart.html]
[iamosahan.com/wrapbootstrap-pillarix/nonprofitx/js/slick.js]
[iamosahan.com/wrapbootstrap-pillarix/nonprofitx/pages/privacy-policy.html]
[iamosahan.com/wrapbootstrap-pillarix/nonprofitx/pages/shop-checkout.html]
[iamosahan.com/wrapbootstrap-pillarix/nonprofitx/pages/page-hire-us.html]
[iamosahan.com/wrapbootstrap-pillarix/nonprofitx/pages/page-careers.html]
[iamosahan.com/wrapbootstrap-pillarix/nonprofitx/pages/page-careers-role-overview.html]
[iamosahan.com/wrapbootstrap-pillarix/nonprofitx/pages/page-careers-apply.html]
[iamosahan.com/wrapbootstrap-pillarix/nonprofitx/pages/page-login.html]
[iamosahan.com/wrapbootstrap-pillarix/nonprofitx/pages/page-login-2.html]
[iamosahan.com/wrapbootstrap-pillarix/nonprofitx/pages/page-signup.html]
[iamosahan.com/wrapbootstrap-pillarix/nonprofitx/pages/page-signup-2.html]
[iamosahan.com/wrapbootstrap-pillarix/nonprofitx/pages/page-reset-password.html]
[iamosahan.com/wrapbootstrap-pillarix/nonprofitx/pages/account-orders.html]
[iamosahan.com/wrapbootstrap-pillarix/nonprofitx/pages/account-settings.html]
[iamosahan.com/wrapbootstrap-pillarix/nonprofitx/pages/account-address.html]
[iamosahan.com/wrapbootstrap-pillarix/nonprofitx/pages/my-wallet.html]
[iamosahan.com/wrapbootstrap-pillarix/nonprofitx/pages/account-notification.html]
[iamosahan.com/wrapbootstrap-pillarix/nonprofitx/img/pages/faq.jpg]
[iamosahan.com/wrapbootstrap-pillarix/nonprofitx/pages/faq.html]
[iamosahan.com/wrapbootstrap-pillarix/nonprofitx/pages/faq-2.html]
[iamosahan.com/wrapbootstrap-pillarix/nonprofitx/contact.html]
[iamosahan.com/wrapbootstrap-pillarix/nonprofitx/img/provide/food.svg]
[iamosahan.com/wrapbootstrap-pillarix/nonprofitx/img/provide/school.svg]
[iamosahan.com/wrapbootstrap-pillarix/nonprofitx/img/provide/medical.svg]
[iamosahan.com/wrapbootstrap-pillarix/nonprofitx/img/provide/water.svg]
[iamosahan.com/wrapbootstrap-pillarix/nonprofitx/img/provide/love.svg]
[iamosahan.com/wrapbootstrap-pillarix/nonprofitx/img/provide/tranvel.svg]
[iamosahan.com/wrapbootstrap-pillarix/nonprofitx/post-1.html]
[iamosahan.com/wrapbootstrap-pillarix/nonprofitx/post-2.html]
[iamosahan.com/wrapbootstrap-pillarix/nonprofitx/post-3.html]
[iamosahan.com/wrapbootstrap-pillarix/nonprofitx/privacy-policy.html]
[iamosahan.com/wrapbootstrap-pillarix/nonprofitx/vender/bootstrap/js/bootstrap.bundle.min.js]
[iamosahan.com/wrapbootstrap-pillarix/nonprofitx/vender/jquery/jquery-3.6.4.min.js]
[iamosahan.com/wrapbootstrap-pillarix/nonprofitx/vender/aos/dist/aos.js]
[iamosahan.com/wrapbootstrap-pillarix/nonprofitx/js/script.js]
[iamosahan.com/wrapbootstrap-pillarix/nonprofitx/dist/index.html]
[iamosahan.com/wrapbootstrap-pillarix/nonprofitx/vender/remixicon/remixicon7001.svg]
[iamosahan.com/wrapbootstrap-pillarix/nonprofitx/img/post/post-1.html]
[iamosahan.com/wrapbootstrap-pillarix/nonprofitx/img/post/post-2.html]
[iamosahan.com/wrapbootstrap-pillarix/nonprofitx/img/post/post-3.html]
[cdn.jsdelivr.net/npm/bootstrap-icons@1.11.2/font/fonts/bootstrap-icons09cf.woff2]
[cdn.jsdelivr.net/npm/bootstrap-icons@1.11.2/font/fonts/bootstrap-icons09cf.woff]
[cdn.jsdelivr.net/npm/bootstrap-icons@1.11.2/font/bootstrap-icons.min.css]
[iamosahan.com/wrapbootstrap-pillarix/nonprofitx/img/bg.html]
[iamosahan.com/wrapbootstrap-pillarix/nonprofitx/img/work-together/work-1.svg]
[iamosahan.com/wrapbootstrap-pillarix/nonprofitx/img/work-together/work-2.svg]
[iamosahan.com/wrapbootstrap-pillarix/nonprofitx/img/work-together/work-3.svg]
[iamosahan.com/wrapbootstrap-pillarix/nonprofitx/img/work-together/work-4.svg]
[iamosahan.com/wrapbootstrap-pillarix/nonprofitx/elements/css/style.css]
[iamosahan.com/wrapbootstrap-pillarix/nonprofitx/elements/elements.html]
[iamosahan.com/wrapbootstrap-pillarix/nonprofitx/img/pages/hero-wave.svg]
[iamosahan.com/wrapbootstrap-pillarix/nonprofitx/vender/light-gallery-master/dist/fonts/lgb687.woff2]
[iamosahan.com/wrapbootstrap-pillarix/nonprofitx/vender/light-gallery-master/dist/fonts/lgb687.ttf]
[iamosahan.com/wrapbootstrap-pillarix/nonprofitx/vender/light-gallery-master/dist/fonts/lgb687.woff]
[iamosahan.com/wrapbootstrap-pillarix/nonprofitx/vender/light-gallery-master/dist/fonts/lgb687.svg]
[iamosahan.com/wrapbootstrap-pillarix/nonprofitx/vender/light-gallery-master/dist/images/loading.gif]
[iamosahan.com/wrapbootstrap-pillarix/nonprofitx/vender/light-gallery-master/dist/css/lightgallery-bundle.min.css]
[iamosahan.com/wrapbootstrap-pillarix/nonprofitx/pages/css/style.css]
[iamosahan.com/wrapbootstrap-pillarix/nonprofitx/pages/contact-us.html]
[iamosahan.com/wrapbootstrap-pillarix/nonprofitx/pages/about.html]
[iamosahan.com/wrapbootstrap-pillarix/nonprofitx/pages/contact.html]
[iamosahan.com/wrapbootstrap-pillarix/nonprofitx/vender/light-gallery-master/dist/lightgallery.min.js]
[iamosahan.com/wrapbootstrap-pillarix/nonprofitx/vender/light-gallery-master/dist/plugins/autoplay/lg-autoplay.umd.js]
[iamosahan.com/wrapbootstrap-pillarix/nonprofitx/vender/light-gallery-master/dist/plugins/comment/lg-comment.min.js]
[iamosahan.com/wrapbootstrap-pillarix/nonprofitx/vender/light-gallery-master/dist/plugins/fullscreen/lg-fullscreen.min.js]
[iamosahan.com/wrapbootstrap-pillarix/nonprofitx/vender/light-gallery-master/dist/plugins/hash/lg-hash.min.js]
[iamosahan.com/wrapbootstrap-pillarix/nonprofitx/vender/light-gallery-master/dist/plugins/mediumZoom/lg-medium-zoom.min.js]
[iamosahan.com/wrapbootstrap-pillarix/nonprofitx/vender/light-gallery-master/dist/plugins/pager/lg-pager.min.js]
[iamosahan.com/wrapbootstrap-pillarix/nonprofitx/vender/light-gallery-master/dist/plugins/relativeCaption/lg-relative-caption.min.js]
[iamosahan.com/wrapbootstrap-pillarix/nonprofitx/vender/light-gallery-master/dist/plugins/rotate/lg-rotate.min.js]
[iamosahan.com/wrapbootstrap-pillarix/nonprofitx/vender/light-gallery-master/dist/plugins/share/lg-share.min.js]
[iamosahan.com/wrapbootstrap-pillarix/nonprofitx/vender/light-gallery-master/dist/plugins/thumbnail/lg-thumbnail.min.js]
[iamosahan.com/wrapbootstrap-pillarix/nonprofitx/vender/light-gallery-master/dist/plugins/video/lg-video.min.js]
[iamosahan.com/wrapbootstrap-pillarix/nonprofitx/vender/light-gallery-master/dist/plugins/vimeoThumbnail/lg-vimeo-thumbnail.min.js]
[iamosahan.com/wrapbootstrap-pillarix/nonprofitx/vender/light-gallery-master/dist/plugins/zoom/lg-zoom.min.js]
[iamosahan.com/wrapbootstrap-pillarix/nonprofitx/img/pages/error.svg]
[iamosahan.com/wrapbootstrap-pillarix/nonprofitx/pages/admin.html]
[iamosahan.com/wrapbootstrap-pillarix/nonprofitx/pages/team-work.html]
[iamosahan.com/wrapbootstrap-pillarix/nonprofitx/pages/apps.html]
[iamosahan.com/wrapbootstrap-pillarix/nonprofitx/pages/technology.html]
[iamosahan.com/wrapbootstrap-pillarix/nonprofitx/pages/people.html]
[iamosahan.com/wrapbootstrap-pillarix/nonprofitx/vender/slick/slick/slick.css]
[iamosahan.com/wrapbootstrap-pillarix/nonprofitx/pages/Make sure you have included disqus JavaScript code in your document. Ex - https_/lg-disqus.disqus.com/admin/install/platforms/universalcode/index.html]
[iamosahan.com/wrapbootstrap-pillarix/nonprofitx/vender/slick/slick/ajax-loader.gif]
[iamosahan.com/wrapbootstrap-pillarix/nonprofitx/vender/slick/slick/fonts/slick.eot]
[iamosahan.com/wrapbootstrap-pillarix/nonprofitx/vender/slick/slick/fonts/slickd41d.eot]
[iamosahan.com/wrapbootstrap-pillarix/nonprofitx/vender/slick/slick/fonts/slick.woff]
[iamosahan.com/wrapbootstrap-pillarix/nonprofitx/vender/slick/slick/fonts/slick.ttf]
[iamosahan.com/wrapbootstrap-pillarix/nonprofitx/vender/slick/slick/slick-theme.css]
[iamosahan.com/wrapbootstrap-pillarix/nonprofitx/vender/slick/slick/slick.min.js]
[iamosahan.com/wrapbootstrap-pillarix/nonprofitx/js/slick.js]
[iamosahan.com/wrapbootstrap-pillarix/nonprofitx/pages/privacy-policy.html]
[iamosahan.com/wrapbootstrap-pillarix/nonprofitx/dist/index.html]
[iamosahan.com/wrapbootstrap-pillarix/nonprofitx/vender/slick/slick/fonts/slick.svg]
[iamosahan.com/wrapbootstrap-pillarix/nonprofitx/vender/light-gallery-master/dist/fonts/lgb687.svg]
[iamosahan.com/wrapbootstrap-pillarix/nonprofitx/pages/Make sure you have included disqus JavaScript code in your document. Ex - https_/lg-disqus.disqus.com/admin/install/platforms/universalcode/index.html]
[iamosahan.com/wrapbootstrap-pillarix/nonprofitx/vender/slick/slick/fonts/slick.svg]
